0 info it worked if it ends with ok
1 verbose cli [ 'C:\\Program Files\\nodejs\\\\node.exe',
1 verbose cli   'C:\\Program Files\\nodejs\\node_modules\\npm\\bin\\npm-cli.js',
1 verbose cli   'install',
1 verbose cli   'material-design-lite' ]
2 info using npm@2.11.2
3 info using node@v0.12.6
4 verbose install initial load of c:\git\donate\package.json
5 warn package.json donate@1.0.0 No description
6 warn package.json donate@1.0.0 No repository field.
7 warn package.json donate@1.0.0 No README data
8 verbose readDependencies loading dependencies from c:\git\donate\package.json
9 silly cache add args [ 'material-design-lite', null ]
10 verbose cache add spec material-design-lite
11 silly cache add parsed spec { raw: 'material-design-lite',
11 silly cache add   scope: null,
11 silly cache add   name: 'material-design-lite',
11 silly cache add   rawSpec: '',
11 silly cache add   spec: '*',
11 silly cache add   type: 'range' }
12 silly addNamed material-design-lite@*
13 verbose addNamed "*" is a valid semver range for material-design-lite
14 silly addNameRange { name: 'material-design-lite', range: '*', hasData: false }
15 silly mapToRegistry name material-design-lite
16 silly mapToRegistry using default registry
17 silly mapToRegistry registry https://registry.npmjs.org/
18 silly mapToRegistry uri https://registry.npmjs.org/material-design-lite
19 verbose addNameRange registry:https://registry.npmjs.org/material-design-lite not in flight; fetching
20 verbose request uri https://registry.npmjs.org/material-design-lite
21 verbose request no auth needed
22 info attempt registry request try #1 at 18:17:19
23 verbose request id 250afa6b902dd1f5
24 verbose etag "6H4MJLUY3NEUC9S5PGGXS9YBL"
25 http request GET https://registry.npmjs.org/material-design-lite
26 http 304 https://registry.npmjs.org/material-design-lite
27 silly get cb [ 304,
27 silly get   { date: 'Wed, 15 Jul 2015 16:17:12 GMT',
27 silly get     via: '1.1 varnish',
27 silly get     'cache-control': 'max-age=60',
27 silly get     etag: '"6H4MJLUY3NEUC9S5PGGXS9YBL"',
27 silly get     age: '0',
27 silly get     connection: 'keep-alive',
27 silly get     'x-served-by': 'cache-fra1233-FRA',
27 silly get     'x-cache': 'MISS',
27 silly get     'x-cache-hits': '0',
27 silly get     'x-timer': 'S1436977032.996176,VS0,VE728',
27 silly get     vary: 'Accept' } ]
28 verbose etag https://registry.npmjs.org/material-design-lite from cache
29 verbose get saving material-design-lite to C:\Users\Stephan\AppData\Roaming\npm-cache\registry.npmjs.org\material-design-lite\.cache.json
30 silly addNameRange number 2 { name: 'material-design-lite', range: '*', hasData: true }
31 silly addNameRange versions [ 'material-design-lite',
31 silly addNameRange   [ '1.0.0', '1.0.0-1', '1.0.0-2', '1.0.0-3' ] ]
32 silly addNamed material-design-lite@1.0.0
33 verbose addNamed "1.0.0" is a plain semver version for material-design-lite
34 silly cache afterAdd material-design-lite@1.0.0
35 verbose afterAdd C:\Users\Stephan\AppData\Roaming\npm-cache\material-design-lite\1.0.0\package\package.json not in flight; writing
36 verbose afterAdd C:\Users\Stephan\AppData\Roaming\npm-cache\material-design-lite\1.0.0\package\package.json written
37 silly install resolved [ { name: 'material-design-lite',
37 silly install resolved     version: '1.0.0',
37 silly install resolved     description: 'Material Design Components in CSS, JS and HTML',
37 silly install resolved     license:
37 silly install resolved      { type: 'Apache-2',
37 silly install resolved        url: 'https://github.com/google/material-design-lite/blob/master/LICENSE' },
37 silly install resolved     author: { name: 'Google' },
37 silly install resolved     homepage: 'https://github.com/google/material-design-lite',
37 silly install resolved     bugs: { url: 'https://github.com/google/material-design-lite/issues' },
37 silly install resolved     devDependencies:
37 silly install resolved      { 'apache-server-configs': '^2.7.1',
37 silly install resolved        'browser-sync': '^2.2.3',
37 silly install resolved        chai: '^2.0.0',
37 silly install resolved        'chai-jquery': '^2.0.0',
37 silly install resolved        del: '^1.1.1',
37 silly install resolved        gulp: '^3.8.11',
37 silly install resolved        'gulp-autoprefixer': '^2.0.0',
37 silly install resolved        'gulp-cache': '^0.2.6',
37 silly install resolved        'gulp-changed': '^1.0.0',
37 silly install resolved        'gulp-concat': '^2.4.1',
37 silly install resolved        'gulp-connect': '^2.2.0',
37 silly install resolved        'gulp-css-inline-images': '^0.1.1',
37 silly install resolved        'gulp-csso': '^1.0.0',
37 silly install resolved        'gulp-file': '^0.2.0',
37 silly install resolved        'gulp-filter': '^2.0.2',
37 silly install resolved        'gulp-flatten': '0.0.4',
37 silly install resolved        'gulp-front-matter': '^1.2.2',
37 silly install resolved        'gulp-gh-pages': '^0.5.0',
37 silly install resolved        'gulp-header': '^1.2.2',
37 silly install resolved        'gulp-if': '^1.2.1',
37 silly install resolved        'gulp-imagemin': '^2.2.1',
37 silly install resolved        'gulp-jscs': '^1.6.0',
37 silly install resolved        'gulp-jshint': '^1.6.3',
37 silly install resolved        'gulp-load-plugins': '^0.10.0',
37 silly install resolved        'gulp-markdown': '^1.0.0',
37 silly install resolved        'gulp-marked': '^1.0.0',
37 silly install resolved        'gulp-minify-html': '^1.0.0',
37 silly install resolved        'gulp-mocha-phantomjs': '^0.6.1',
37 silly install resolved        'gulp-open': '^0.3.2',
37 silly install resolved        'gulp-rename': '^1.2.0',
37 silly install resolved        'gulp-replace': '^0.5.3',
37 silly install resolved        'gulp-sass': '^1.3.3',
37 silly install resolved        'gulp-shell': '^0.4.2',
37 silly install resolved        'gulp-size': '^1.0.0',
37 silly install resolved        'gulp-sourcemaps': '^1.3.0',
37 silly install resolved        'gulp-tap': '^0.1.3',
37 silly install resolved        'gulp-uglify': '^1.0.1',
37 silly install resolved        'gulp-useref': '^1.0.1',
37 silly install resolved        'gulp-util': '^3.0.4',
37 silly install resolved        'gulp-zip': '^3.0.2',
37 silly install resolved        jquery: '^2.1.3',
37 silly install resolved        'jshint-stylish': '^1.0.0',
37 silly install resolved        'merge-stream': '^0.1.7',
37 silly install resolved        mocha: '^2.1.0',
37 silly install resolved        napa: '^1.2.0',
37 silly install resolved        opn: '^1.0.0',
37 silly install resolved        'require-dir': '^0.3.0',
37 silly install resolved        'run-sequence': '^1.0.2',
37 silly install resolved        swig: '^1.4.2',
37 silly install resolved        through2: '^0.6.3',
37 silly install resolved        prismjs: '0.0.1',
37 silly install resolved        'swfobject-npm': '^2.3.0-1' },
37 silly install resolved     engines: { node: '>=0.10.0' },
37 silly install resolved     scripts:
37 silly install resolved      { install: 'napa mojombo/clippy',
37 silly install resolved        test: 'gulp && git status | grep \'working directory clean\' >/dev/null || (echo \'Please commit all changes generated by building\'; exit 1)' },
37 silly install resolved     gitHead: 'ea8f4d9c9a04aa539b76613817dce7534767dadf',
37 silly install resolved     _id: 'material-design-lite@1.0.0',
37 silly install resolved     _shasum: '9616cce53622ba626098a3e1de2d3cafcd15bda8',
37 silly install resolved     _from: 'material-design-lite@*',
37 silly install resolved     _npmVersion: '2.5.1',
37 silly install resolved     _nodeVersion: '0.12.0',
37 silly install resolved     _npmUser: { name: 'addyosmani', email: 'addyosmani@gmail.com' },
37 silly install resolved     maintainers: [ [Object] ],
37 silly install resolved     dist:
37 silly install resolved      { shasum: '9616cce53622ba626098a3e1de2d3cafcd15bda8',
37 silly install resolved        tarball: 'http://registry.npmjs.org/material-design-lite/-/material-design-lite-1.0.0.tgz' },
37 silly install resolved     directories: {},
37 silly install resolved     _resolved: 'https://registry.npmjs.org/material-design-lite/-/material-design-lite-1.0.0.tgz',
37 silly install resolved     readme: 'ERROR: No README data found!' } ]
38 info install material-design-lite@1.0.0 into c:\git\donate
39 info installOne material-design-lite@1.0.0
40 verbose installOne of material-design-lite to c:\git\donate not in flight; installing
41 verbose lock using C:\Users\Stephan\AppData\Roaming\npm-cache\_locks\material-design-lite-1f5ff4c047cdc234.lock for c:\git\donate\node_modules\material-design-lite
42 silly install write writing material-design-lite 1.0.0 to c:\git\donate\node_modules\material-design-lite
43 verbose unbuild node_modules\material-design-lite
44 silly gentlyRm c:\git\donate\node_modules\material-design-lite is being purged from base c:\git\donate
45 verbose gentlyRm don't care about contents; nuking c:\git\donate\node_modules\material-design-lite
46 verbose tar unpack C:\Users\Stephan\AppData\Roaming\npm-cache\material-design-lite\1.0.0\package.tgz
47 verbose tar unpacking to c:\git\donate\node_modules\material-design-lite
48 silly gentlyRm c:\git\donate\node_modules\material-design-lite is being purged
49 verbose gentlyRm don't care about contents; nuking c:\git\donate\node_modules\material-design-lite
50 silly gunzTarPerm modes [ '777', '666' ]
51 silly gunzTarPerm extractEntry package.json
52 silly gunzTarPerm modified mode [ 'package.json', 420, 438 ]
53 silly gunzTarPerm extractEntry LICENSE
54 silly gunzTarPerm modified mode [ 'LICENSE', 420, 438 ]
55 silly gunzTarPerm extractEntry material.js
56 silly gunzTarPerm modified mode [ 'material.js', 420, 438 ]
57 silly gunzTarPerm extractEntry material.min.js
58 silly gunzTarPerm modified mode [ 'material.min.js', 420, 438 ]
59 silly gunzTarPerm extractEntry bower.json
60 silly gunzTarPerm modified mode [ 'bower.json', 420, 438 ]
61 silly gunzTarPerm extractEntry material.css
62 silly gunzTarPerm modified mode [ 'material.css', 420, 438 ]
63 silly gunzTarPerm extractEntry material.min.css
64 silly gunzTarPerm modified mode [ 'material.min.css', 420, 438 ]
65 silly gunzTarPerm extractEntry material.min.css.map
66 silly gunzTarPerm modified mode [ 'material.min.css.map', 420, 438 ]
67 silly gunzTarPerm extractEntry material.min.js.map
68 silly gunzTarPerm modified mode [ 'material.min.js.map', 420, 438 ]
69 verbose write writing to c:\git\donate\node_modules\material-design-lite\package.json
70 info preinstall material-design-lite@1.0.0
71 verbose readDependencies loading dependencies from c:\git\donate\node_modules\material-design-lite\package.json
72 verbose readDependencies loading dependencies from c:\git\donate\node_modules\material-design-lite\package.json
73 silly install resolved []
74 verbose about to build c:\git\donate\node_modules\material-design-lite
75 info build c:\git\donate\node_modules\material-design-lite
76 info linkStuff material-design-lite@1.0.0
77 silly linkStuff material-design-lite@1.0.0 has c:\git\donate\node_modules as its parent node_modules
78 verbose linkBins material-design-lite@1.0.0
79 verbose linkMans material-design-lite@1.0.0
80 verbose rebuildBundles material-design-lite@1.0.0
81 info install material-design-lite@1.0.0
82 verbose unsafe-perm in lifecycle true
83 info material-design-lite@1.0.0 Failed to exec install script
84 verbose unlock done using C:\Users\Stephan\AppData\Roaming\npm-cache\_locks\material-design-lite-1f5ff4c047cdc234.lock for c:\git\donate\node_modules\material-design-lite
85 verbose stack Error: material-design-lite@1.0.0 install: `napa mojombo/clippy`
85 verbose stack Exit status 1
85 verbose stack     at EventEmitter.<anonymous> (C:\Program Files\nodejs\node_modules\npm\lib\utils\lifecycle.js:213:16)
85 verbose stack     at EventEmitter.emit (events.js:110:17)
85 verbose stack     at ChildProcess.<anonymous> (C:\Program Files\nodejs\node_modules\npm\lib\utils\spawn.js:24:14)
85 verbose stack     at ChildProcess.emit (events.js:110:17)
85 verbose stack     at maybeClose (child_process.js:1015:16)
85 verbose stack     at Process.ChildProcess._handle.onexit (child_process.js:1087:5)
86 verbose pkgid material-design-lite@1.0.0
87 verbose cwd c:\git\donate
88 error Windows_NT 6.1.7601
89 error argv "C:\\Program Files\\nodejs\\\\node.exe" "C:\\Program Files\\nodejs\\node_modules\\npm\\bin\\npm-cli.js" "install" "material-design-lite"
90 error node v0.12.6
91 error npm  v2.11.2
92 error code ELIFECYCLE
93 error material-design-lite@1.0.0 install: `napa mojombo/clippy`
93 error Exit status 1
94 error Failed at the material-design-lite@1.0.0 install script 'napa mojombo/clippy'.
94 error This is most likely a problem with the material-design-lite package,
94 error not with npm itself.
94 error Tell the author that this fails on your system:
94 error     napa mojombo/clippy
94 error You can get their info via:
94 error     npm owner ls material-design-lite
94 error There is likely additional logging output above.
95 verbose exit [ 1, true ]
96 verbose unbuild node_modules\material-design-lite
97 info preuninstall material-design-lite@1.0.0
98 info uninstall material-design-lite@1.0.0
99 verbose unbuild rmStuff material-design-lite@1.0.0 from c:\git\donate\node_modules
100 info postuninstall material-design-lite@1.0.0
101 silly gentlyRm c:\git\donate\node_modules\material-design-lite is being purged from base c:\git\donate
102 verbose gentlyRm don't care about contents; nuking c:\git\donate\node_modules\material-design-lite
103 silly vacuum-fs purging c:\git\donate\node_modules\material-design-lite
104 silly vacuum-fs removing c:\git\donate\node_modules
105 silly vacuum-fs finished vacuuming up to c:\git\donate
